<?xml version="1.0" encoding="UTF-8"?>
<!-- Generated by org.testng.reporters.JUnitReportReporter -->
<testsuite hostname="Nischal" failures="0" tests="1" name="SdetQaPagination.PracticePagination" time="42.368" errors="0" timestamp="2025-03-17T18:17:26 NPT" skipped="0">
  <testcase classname="SdetQaPagination.PracticePagination" name="dynamicPagination" time="42.368"/>
  <system-out/>
</testsuite> <!-- SdetQaPagination.PracticePagination -->
